<?xml version="1.0" encoding="UTF-8"?>
<testng-results ignored="2" total="4" passed="2" failed="0" skipped="0">
  <reporter-output>
  </reporter-output>
  <suite started-at="2021-09-24T13:26:05 PDT" name="LYFT_TEST_SUITE" finished-at="2021-09-24T13:26:11 PDT" duration-ms="6960">
    <groups>
      <group name="cucumber">
        <method signature="TestRunner.runScenario(io.cucumber.testng.PickleWrapper,io.cucumber.testng.FeatureWrapper)[pri:0, instance:runner.TestRunner@13fd2ccd]" name="runScenario" class="runner.TestRunner"/>
      </group> <!-- cucumber -->
    </groups>
    <test started-at="2021-09-24T13:26:05 PDT" name="ExtentSparkReport Test" finished-at="2021-09-24T13:26:11 PDT" duration-ms="6960">
      <class name="runner.BaseTest">
        <test-method is-config="true" signature="setUp()[pri:0, instance:runner.BaseTest@1151e434]" started-at="2021-09-24T13:26:05 PDT" name="setUp" finished-at="2021-09-24T13:26:07 PDT" duration-ms="2803" status="PASS">
          <reporter-output>
          </reporter-output>
        </test-method> <!-- setUp -->
        <test-method is-config="true" signature="after()[pri:0, instance:runner.BaseTest@1151e434]" started-at="2021-09-24T13:26:11 PDT" name="after" finished-at="2021-09-24T13:26:11 PDT" duration-ms="157" status="PASS">
          <reporter-output>
          </reporter-output>
        </test-method> <!-- after -->
      </class> <!-- runner.BaseTest -->
      <class name="runner.TestRunner">
        <test-method is-config="true" signature="setUpClass()[pri:0, instance:runner.TestRunner@13fd2ccd]" started-at="2021-09-24T13:26:07 PDT" name="setUpClass" finished-at="2021-09-24T13:26:08 PDT" duration-ms="388" status="PASS">
          <reporter-output>
          </reporter-output>
        </test-method> <!-- setUpClass -->
        <test-method signature="runScenario(io.cucumber.testng.PickleWrapper,io.cucumber.testng.FeatureWrapper)[pri:0, instance:runner.TestRunner@13fd2ccd]" started-at="2021-09-24T13:26:08 PDT" name="runScenario" description="Runs Cucumber Scenarios" data-provider="scenarios" finished-at="2021-09-24T13:26:09 PDT" duration-ms="784" status="PASS">
          <params>
            <param index="0">
              <value>
                <![CDATA["Selenium Integration Test 1"]]>
              </value>
            </param>
            <param index="1">
              <value>
                <![CDATA["Optional[Default]"]]>
              </value>
            </param>
          </params>
          <reporter-output>
          </reporter-output>
        </test-method> <!-- runScenario -->
        <test-method signature="runScenario(io.cucumber.testng.PickleWrapper,io.cucumber.testng.FeatureWrapper)[pri:0, instance:runner.TestRunner@13fd2ccd]" started-at="2021-09-24T13:26:09 PDT" name="runScenario" description="Runs Cucumber Scenarios" data-provider="scenarios" finished-at="2021-09-24T13:26:09 PDT" duration-ms="691" status="PASS">
          <params>
            <param index="0">
              <value>
                <![CDATA["Selenium Integration Test 2"]]>
              </value>
            </param>
            <param index="1">
              <value>
                <![CDATA["Optional[Default]"]]>
              </value>
            </param>
          </params>
          <reporter-output>
          </reporter-output>
        </test-method> <!-- runScenario -->
        <test-method is-config="true" signature="tearDownClass()[pri:0, instance:runner.TestRunner@13fd2ccd]" started-at="2021-09-24T13:26:09 PDT" name="tearDownClass" finished-at="2021-09-24T13:26:11 PDT" duration-ms="2116" status="PASS">
          <reporter-output>
          </reporter-output>
        </test-method> <!-- tearDownClass -->
      </class> <!-- runner.TestRunner -->
    </test> <!-- ExtentSparkReport Test -->
  </suite> <!-- LYFT_TEST_SUITE -->
</testng-results>
