<?xml version="1.0" encoding="UTF-8"?>
<testng-results ignored="2" total="4" passed="2" failed="0" skipped="0">
  <reporter-output>
  </reporter-output>
  <suite started-at="2021-09-29T14:19:59 PDT" name="LYFT_TEST_SUITE" finished-at="2021-09-29T14:20:07 PDT" duration-ms="7826">
    <groups>
      <group name="cucumber">
        <method signature="TestRunner.runScenario(io.cucumber.testng.PickleWrapper,io.cucumber.testng.FeatureWrapper)[pri:0, instance:runner.TestRunner@534a5a98]" name="runScenario" class="runner.TestRunner"/>
      </group> <!-- cucumber -->
    </groups>
    <test started-at="2021-09-29T14:19:59 PDT" name="ExtentSparkReport Test" finished-at="2021-09-29T14:20:07 PDT" duration-ms="7826">
      <class name="runner.BaseTest">
        <test-method is-config="true" signature="setUp()[pri:0, instance:runner.BaseTest@52b1beb6]" started-at="2021-09-29T14:19:59 PDT" name="setUp" finished-at="2021-09-29T14:20:02 PDT" duration-ms="2816" status="PASS">
          <reporter-output>
          </reporter-output>
        </test-method> <!-- setUp -->
        <test-method is-config="true" signature="after()[pri:0, instance:runner.BaseTest@52b1beb6]" started-at="2021-09-29T14:20:07 PDT" name="after" finished-at="2021-09-29T14:20:07 PDT" duration-ms="132" status="PASS">
          <reporter-output>
          </reporter-output>
        </test-method> <!-- after -->
      </class> <!-- runner.BaseTest -->
      <class name="runner.TestRunner">
        <test-method is-config="true" signature="setUpClass()[pri:0, instance:runner.TestRunner@534a5a98]" started-at="2021-09-29T14:20:02 PDT" name="setUpClass" finished-at="2021-09-29T14:20:02 PDT" duration-ms="339" status="PASS">
          <reporter-output>
          </reporter-output>
        </test-method> <!-- setUpClass -->
        <test-method signature="runScenario(io.cucumber.testng.PickleWrapper,io.cucumber.testng.FeatureWrapper)[pri:0, instance:runner.TestRunner@534a5a98]" started-at="2021-09-29T14:20:02 PDT" name="runScenario" description="Runs Cucumber Scenarios" data-provider="scenarios" finished-at="2021-09-29T14:20:03 PDT" duration-ms="923" status="PASS">
          <params>
            <param index="0">
              <value>
                <![CDATA["Selenium Integration Test 1"]]>
              </value>
            </param>
            <param index="1">
              <value>
                <![CDATA["Optional[Default]"]]>
              </value>
            </param>
          </params>
          <reporter-output>
          </reporter-output>
        </test-method> <!-- runScenario -->
        <test-method signature="runScenario(io.cucumber.testng.PickleWrapper,io.cucumber.testng.FeatureWrapper)[pri:0, instance:runner.TestRunner@534a5a98]" started-at="2021-09-29T14:20:03 PDT" name="runScenario" description="Runs Cucumber Scenarios" data-provider="scenarios" finished-at="2021-09-29T14:20:04 PDT" duration-ms="1290" status="PASS">
          <params>
            <param index="0">
              <value>
                <![CDATA["Selenium Integration Test 2"]]>
              </value>
            </param>
            <param index="1">
              <value>
                <![CDATA["Optional[Default]"]]>
              </value>
            </param>
          </params>
          <reporter-output>
          </reporter-output>
        </test-method> <!-- runScenario -->
        <test-method is-config="true" signature="tearDownClass()[pri:0, instance:runner.TestRunner@534a5a98]" started-at="2021-09-29T14:20:04 PDT" name="tearDownClass" finished-at="2021-09-29T14:20:07 PDT" duration-ms="2304" status="PASS">
          <reporter-output>
          </reporter-output>
        </test-method> <!-- tearDownClass -->
      </class> <!-- runner.TestRunner -->
    </test> <!-- ExtentSparkReport Test -->
  </suite> <!-- LYFT_TEST_SUITE -->
</testng-results>
