<?xml version="1.0" encoding="UTF-8"?>
<!-- Generated by org.testng.reporters.JUnitXMLReporter -->
<testsuite ignored="2" hostname="jaydippatel-mbp151" failures="0" tests="2" name="ExtentSparkReport Test" time="6.96" errors="0" timestamp="2021-09-24T13:26:12 PDT">
  <testcase classname="runner.TestRunner" name="runScenario" time="0.784"/>
  <testcase classname="runner.TestRunner" name="runScenario" time="0.691"/>
  <testcase classname="runner.BaseTest" name="@BeforeTest setUp" time="0.0">
    <ignored/>
  </testcase> <!-- @BeforeTest setUp -->
  <testcase classname="runner.BaseTest" name="@AfterTest after" time="0.0">
    <ignored/>
  </testcase> <!-- @AfterTest after -->
</testsuite> <!-- ExtentSparkReport Test -->
